login			ログイン失敗	254.254.254.254.provider.ne.jp	1106110959				0
login			ログイン失敗	254.254.254.254.provider.ne.jp	1106112120				0
login			ログイン失敗	254.254.254.254.provider.ne.jp	1106112241				0
login			ログイン失敗	254.254.254.254.provider.ne.jp	1106112288				0
login			ログイン失敗	254.254.254.254.provider.ne.jp	1106112343				0
login			ログイン失敗	254.254.254.254.provider.ne.jp	1106112367				0
login			ログイン失敗	254.254.254.254.provider.ne.jp	1106112376				0
access			アクセス	254.254.254.254.provider.ne.jp	1106112764				0
access			アクセス	254.254.254.254.provider.ne.jp	1106112778				0
login			アカウント作成	254.254.254.254.provider.ne.jp	1106208694				0
login			アカウント作成	254.254.254.254.provider.ne.jp	1106208741				0
login			アカウント作成	254.254.254.254.provider.ne.jp	1106209046				0
login			アカウント作成	254.254.254.254.provider.ne.jp	1106211422				0
login			ログイン成功	254.254.254.254.provider.ne.jp	1106223594				0
login			ログイン成功	254.254.254.254.provider.ne.jp	1106223605				0
login	admin		ログイン成功	254.254.254.254.provider.ne.jp	1106316879				0
logout			ログアウト	254.254.254.254.provider.ne.jp	1106316965				0
login	admin		ログイン成功	254.254.254.254.provider.ne.jp	1106316968				0
logout			ログアウト	254.254.254.254.provider.ne.jp	1106316982				0
login	admin		ログイン成功	254.254.254.254.provider.ne.jp	1106316984				0
logout			ログアウト	254.254.254.254.provider.ne.jp	1106317042				0
login	admin		ログイン成功	254.254.254.254.provider.ne.jp	1106317045				0
logout	admin		ログアウト	254.254.254.254.provider.ne.jp	1106317185				0
login	admin		ログイン成功	254.254.254.254.provider.ne.jp	1106317188				0
logout	admin		ログアウト	254.254.254.254.provider.ne.jp	1106584515				0
login	user		ログイン失敗	254.254.254.254.provider.ne.jp	1106584518				0
login			ログイン失敗	254.254.254.254.provider.ne.jp	1106584711				0
login	admin		ログイン成功	254.254.254.254.provider.ne.jp	1106584742				0
logout	admin		ログアウト	254.254.254.254.provider.ne.jp	1106584862				0
login	adomin		ログイン失敗	254.254.254.254.provider.ne.jp	1106622604				0
login	admin		ログイン成功	254.254.254.254.provider.ne.jp	1106622617				0
login	admin		ログイン成功	254.254.254.254.provider.ne.jp	1106626356				0
logout	admin		ログアウト	254.254.254.254.provider.ne.jp	1106631827				0
login	admin		ログイン成功	254.254.254.254.provider.ne.jp	1106631836				0
access	admin		アクセス	254.254.254.254.provider.ne.jp	1107435968				0
access	admin		アクセス	254.254.254.254.provider.ne.jp	1107840651				0
access	admin		アクセス	254.254.254.254.provider.ne.jp	1108439988				0
access	admin		アクセス	254.254.254.254.provider.ne.jp	1108458385				0
login	admin		ログイン成功	254.254.254.254.provider.ne.jp	1108744592				0
login	admin		ログイン成功	254.254.254.254.provider.ne.jp	1109417395				0
logout	admin		ログアウト	254.254.254.254.provider.ne.jp	1109580722				0
logout			ログアウト	254.254.254.254.provider.ne.jp	1109580922				0
logout			ログアウト	254.254.254.254.provider.ne.jp	1109580924				0
login	admin		ログイン成功	254.254.254.254.provider.ne.jp	1109581017				0
logout	admin		ログアウト	254.254.254.254.provider.ne.jp	1109581141				0
logout			ログアウト	254.254.254.254.provider.ne.jp	1109581301				0
logout			ログアウト	254.254.254.254.provider.ne.jp	1109581304				0
logout			ログアウト	254.254.254.254.provider.ne.jp	1109581321				0
logout			ログアウト	254.254.254.254.provider.ne.jp	1109581393				0
logout			ログアウト	254.254.254.254.provider.ne.jp	1109581520				0
login	あ		ログイン失敗	254.254.254.254.provider.ne.jp	1109581608				0
login	ｓ		ログイン失敗	254.254.254.254.provider.ne.jp	1109581688				0
logout			ログアウト	254.254.254.254.provider.ne.jp	1109581712				0
login	admin		ログイン成功	254.254.254.254.provider.ne.jp	1109581715				0
logout			ログアウト	254.254.254.254.provider.ne.jp	1109581843				0
login	admin		ログイン成功	254.254.254.254.provider.ne.jp	1109581846				0
logout	admin		ログアウト	254.254.254.254.provider.ne.jp	1109582207				0
login	admin		ログイン成功	254.254.254.254.provider.ne.jp	1109582210				0
login	admin		ログイン成功	254.254.254.254.provider.ne.jp	1109591870				0
access	admin		アクセス	150.1.168.192.in-addr.arpa	1110024492				0
login	admin		ログイン成功	152.1.168.192.in-addr.arpa	1110469091				0
access	admin		アクセス	150.1.168.192.in-addr.arpa	1110548819				0
access	admin		アクセス	254.254.254.254.provider.ne.jp	1112944842				0
login	admin		ログイン成功	254.254.254.254.provider.ne.jp	1112969392				0
access	admin		アクセス	254.254.254.254.provider.ne.jp	1113976197				0
logout	admin		ログアウト	254.254.254.254.provider.ne.jp	1114157023				0
login	admin		ログイン成功	254.254.254.254.provider.ne.jp	1114157030				0
logout	admin		ログアウト	254.254.254.254.provider.ne.jp	1114157190				0
login	admin		ログイン成功	254.254.254.254.provider.ne.jp	1114157193				0
login	user		ログイン失敗	254.254.254.254.provider.ne.jp	1124986890				0
login	admin		ログイン成功	254.254.254.254.provider.ne.jp	1124986893				0
access	admin		アクセス	254.254.254.254.provider.ne.jp	1125043244				0
access	admin		アクセス	254.254.254.254.provider.ne.jp	1125066117				0
login	admin		ログイン成功	254.254.254.254.provider.ne.jp	1125080311				0
logout	admin		ログアウト	254.254.254.254.provider.ne.jp	1125080329				0
login	user		ログイン成功	254.254.254.254.provider.ne.jp	1125080333				0
access	user		アクセス	254.254.254.254.provider.ne.jp	1125377575				0
access	user		アクセス	254.254.254.254.provider.ne.jp	1125417283				0
access	user		アクセス	254.254.254.254.provider.ne.jp	1125417283				0
access	user		アクセス	254.254.254.254.provider.ne.jp	1125473729				0
access	user		アクセス	254.254.254.254.provider.ne.jp	1125557331				0
access	user		アクセス	254.254.254.254.provider.ne.jp	1125642825				0
access	user		アクセス	254.254.254.254.provider.ne.jp	1125670290				0
access	user		アクセス	254.254.254.254.provider.ne.jp	1125753301				0
access	user		アクセス	254.254.254.254.provider.ne.jp	1125895320				0
logout	user		ログアウト	254.254.254.254.provider.ne.jp	1125907507				0
login			ログイン失敗	254.254.254.254.provider.ne.jp	1125907722				0
login			ログイン失敗	254.254.254.254.provider.ne.jp	1125907797				0
access	admin		アクセス	254.254.254.254.provider.ne.jp	1127104913				0
login	admin		ログイン成功	254.254.254.254.provider.ne.jp	1127378242				0
access	suda		アクセス	MILLENIA-SGI	1127455703				0
access	suda		アクセス	MILLENIA-SGI	1127543935				0
access	suda		アクセス	MILLENIA-SGI	1127798775				0
access	suda		アクセス	MILLENIA-SGI	1127835910				0
access	suda		アクセス	MILLENIA-SGI	1128084054				0
access	admin		アクセス	MILLENIA-SGI	1128322624				0
access	suda		アクセス	MILLENIA-SGI	1128409268				0
access	suda		アクセス	MILLENIA-SGI	1128481497				0
access	suda		アクセス	MILLENIA-SGI	1128577391				0
access	suda		アクセス	MILLENIA-SGI	1130758277				0
login	suda		ログイン成功	MILLENIA-SGI	1145460834				0
access	suda		アクセス	MILLENIA-SGI	1145683113				0
access	suda		アクセス	MILLENIA-SGI	1145855163				0
logout	suda		ログアウト	MILLENIA-SGI	1154320832				0
login	suda		ログイン成功	MILLENIA-SGI	1154320834				0
logout	suda		ログアウト	MILLENIA-SGI	1154320854				0
login	suda		ログイン成功	MILLENIA-SGI	1154320856				0
login	suda		ログイン成功	MILLENIA-SGI	1154320882				0
login	suda		ログイン成功	MILLENIA-SGI	1154320922				0
logout	suda		ログアウト	MILLENIA-SGI	1154320951				0
login	suda		ログイン成功	MILLENIA-SGI	1154320953				0
access	suda		アクセス	localhost	1285949894				0
login	admin		ログイン失敗	::1	1423890339				0
logout			ログアウト	::1	1423891485				0
login	admin		ログイン失敗	0:0:0:0:0:0:0:1%0	1424062367				0
login	admin		ログイン失敗	0:0:0:0:0:0:0:1%0	1424062570				0
login	admin		ログイン失敗	0:0:0:0:0:0:0:1%0	1424063283				0
login	suda		ログイン失敗	0:0:0:0:0:0:0:1%0	1424063407				0
login	admin		ログイン成功	0:0:0:0:0:0:0:1%0	1424063674				0
